<?xml version="1.0" encoding="UTF-8"?>
<testsuite name="za.fnb.connect.cashdespense.UserServiceTest" time="0.237" tests="2" errors="0" skipped="0" failures="0">
  <properties>
    <property name="java.runtime.name" value="Java(TM) SE Runtime Environment"/>
    <property name="sun.boot.library.path" value="/Library/Java/JavaVirtualMachines/jdk1.8.0_121.jdk/Contents/Home/jre/lib"/>
    <property name="java.vm.version" value="25.121-b13"/>
    <property name="user.country.format" value="ZA"/>
    <property name="gopherProxySet" value="false"/>
    <property name="java.vm.vendor" value="Oracle Corporation"/>
    <property name="maven.multiModuleProjectDirectory" value="/Users/sithembelebooi/projects/cash-dispense"/>
    <property name="java.vendor.url" value="http://java.oracle.com/"/>
    <property name="path.separator" value=":"/>
    <property name="guice.disable.misplaced.annotation.check" value="true"/>
    <property name="java.vm.name" value="Java HotSpot(TM) 64-Bit Server VM"/>
    <property name="file.encoding.pkg" value="sun.io"/>
    <property name="user.country" value="US"/>
    <property name="sun.java.launcher" value="SUN_STANDARD"/>
    <property name="sun.os.patch.level" value="unknown"/>
    <property name="java.vm.specification.name" value="Java Virtual Machine Specification"/>
    <property name="user.dir" value="/Users/sithembelebooi/projects/cash-dispense"/>
    <property name="java.runtime.version" value="1.8.0_121-b13"/>
    <property name="java.awt.graphicsenv" value="sun.awt.CGraphicsEnvironment"/>
    <property name="java.endorsed.dirs" value="/Library/Java/JavaVirtualMachines/jdk1.8.0_121.jdk/Contents/Home/jre/lib/endorsed"/>
    <property name="os.arch" value="x86_64"/>
    <property name="java.io.tmpdir" value="/var/folders/n5/s8vw_f2s3c10z7zpq_h4vrdr0000gn/T/"/>
    <property name="line.separator" value="&#10;"/>
    <property name="java.vm.specification.vendor" value="Oracle Corporation"/>
    <property name="https.proxyHost" value="10.6.125.69"/>
    <property name="os.name" value="Mac OS X"/>
    <property name="classworlds.conf" value="/usr/local/Cellar/maven/3.5.0/libexec/bin/m2.conf"/>
    <property name="sun.jnu.encoding" value="UTF-8"/>
    <property name="java.library.path" value="/Users/sithembelebooi/Library/Java/Extensions:/Library/Java/Extensions:/Network/Library/Java/Extensions:/System/Library/Java/Extensions:/usr/lib/java:."/>
    <property name="http.proxyPort" value="80"/>
    <property name="maven.conf" value="/usr/local/Cellar/maven/3.5.0/libexec/conf"/>
    <property name="java.specification.name" value="Java Platform API Specification"/>
    <property name="java.class.version" value="52.0"/>
    <property name="sun.management.compiler" value="HotSpot 64-Bit Tiered Compilers"/>
    <property name="os.version" value="10.12"/>
    <property name="http.nonProxyHosts" value="local|*.local|169.254/16|*.169.254/16|bison.pi.b|*.bison.pi.b|consul|*.consul|oracle.db|*.oracle.db|localhost|*.localhost|services-masspay-uat.ose.bison.pi.b|*.services-masspay-uat.ose.bison.pi.b|services-masspay-dev.ose.bison.pi.b|*.services-masspay-dev.ose.bison.pi.b|vagrant.bison.pi.b|*.vagrant.bison.pi.b|172.28.2.2|consul-masspay-dev.bison|*.consul-masspay-dev.bison|172.17.0.4|22.151.94.128|kafka|*.kafka|master01.bison.pi.b|*.master01.bison.pi.b|oracle|*.oracle|ibmmq|*.ibmmq|169.254.254.242|http://169.254.254.242:8081/health|*.http://169.254.254.242:8081/health|10.7.125.60|http://jhbpsr000000670.intranet.barcapint.com:8085/bamboo|*.http://jhbpsr000000670.intranet.barcapint.com:8085/bamboo|https://dpdev01.absa.co.za:2443/|*.https://dpdev01.absa.co.za:2443/"/>
    <property name="library.jansi.path" value="/usr/local/Cellar/maven/3.5.0/libexec/lib/jansi-native/osx64"/>
    <property name="user.home" value="/Users/sithembelebooi"/>
    <property name="user.timezone" value="Africa/Johannesburg"/>
    <property name="java.awt.printerjob" value="sun.lwawt.macosx.CPrinterJob"/>
    <property name="java.specification.version" value="1.8"/>
    <property name="file.encoding" value="US-ASCII"/>
    <property name="user.name" value="sithembelebooi"/>
    <property name="java.class.path" value="/usr/local/Cellar/maven/3.5.0/libexec/boot/plexus-classworlds-2.5.2.jar"/>
    <property name="java.vm.specification.version" value="1.8"/>
    <property name="sun.arch.data.model" value="64"/>
    <property name="java.home" value="/Library/Java/JavaVirtualMachines/jdk1.8.0_121.jdk/Contents/Home/jre"/>
    <property name="sun.java.command" value="org.codehaus.plexus.classworlds.launcher.Launcher clean install"/>
    <property name="java.specification.vendor" value="Oracle Corporation"/>
    <property name="user.language" value="en"/>
    <property name="awt.toolkit" value="sun.lwawt.macosx.LWCToolkit"/>
    <property name="java.vm.info" value="mixed mode"/>
    <property name="java.version" value="1.8.0_121"/>
    <property name="java.ext.dirs" value="/Users/sithembelebooi/Library/Java/Extensions:/Library/Java/JavaVirtualMachines/jdk1.8.0_121.jdk/Contents/Home/jre/lib/ext:/Library/Java/Extensions:/Network/Library/Java/Extensions:/System/Library/Java/Extensions:/usr/lib/java"/>
    <property name="http.proxyHost" value="10.6.125.69"/>
    <property name="sun.boot.class.path" value="/Library/Java/JavaVirtualMachines/jdk1.8.0_121.jdk/Contents/Home/jre/lib/resources.jar:/Library/Java/JavaVirtualMachines/jdk1.8.0_121.jdk/Contents/Home/jre/lib/rt.jar:/Library/Java/JavaVirtualMachines/jdk1.8.0_121.jdk/Contents/Home/jre/lib/sunrsasign.jar:/Library/Java/JavaVirtualMachines/jdk1.8.0_121.jdk/Contents/Home/jre/lib/jsse.jar:/Library/Java/JavaVirtualMachines/jdk1.8.0_121.jdk/Contents/Home/jre/lib/jce.jar:/Library/Java/JavaVirtualMachines/jdk1.8.0_121.jdk/Contents/Home/jre/lib/charsets.jar:/Library/Java/JavaVirtualMachines/jdk1.8.0_121.jdk/Contents/Home/jre/lib/jfr.jar:/Library/Java/JavaVirtualMachines/jdk1.8.0_121.jdk/Contents/Home/jre/classes"/>
    <property name="java.vendor" value="Oracle Corporation"/>
    <property name="maven.home" value="/usr/local/Cellar/maven/3.5.0/libexec"/>
    <property name="file.separator" value="/"/>
    <property name="java.vendor.url.bug" value="http://bugreport.sun.com/bugreport/"/>
    <property name="sun.cpu.endian" value="little"/>
    <property name="sun.io.unicode.encoding" value="UnicodeBig"/>
    <property name="https.proxyPort" value="80"/>
    <property name="socksNonProxyHosts" value="local|*.local|169.254/16|*.169.254/16|bison.pi.b|*.bison.pi.b|consul|*.consul|oracle.db|*.oracle.db|localhost|*.localhost|services-masspay-uat.ose.bison.pi.b|*.services-masspay-uat.ose.bison.pi.b|services-masspay-dev.ose.bison.pi.b|*.services-masspay-dev.ose.bison.pi.b|vagrant.bison.pi.b|*.vagrant.bison.pi.b|172.28.2.2|consul-masspay-dev.bison|*.consul-masspay-dev.bison|172.17.0.4|22.151.94.128|kafka|*.kafka|master01.bison.pi.b|*.master01.bison.pi.b|oracle|*.oracle|ibmmq|*.ibmmq|169.254.254.242|http://169.254.254.242:8081/health|*.http://169.254.254.242:8081/health|10.7.125.60|http://jhbpsr000000670.intranet.barcapint.com:8085/bamboo|*.http://jhbpsr000000670.intranet.barcapint.com:8085/bamboo|https://dpdev01.absa.co.za:2443/|*.https://dpdev01.absa.co.za:2443/"/>
    <property name="ftp.nonProxyHosts" value="local|*.local|169.254/16|*.169.254/16|bison.pi.b|*.bison.pi.b|consul|*.consul|oracle.db|*.oracle.db|localhost|*.localhost|services-masspay-uat.ose.bison.pi.b|*.services-masspay-uat.ose.bison.pi.b|services-masspay-dev.ose.bison.pi.b|*.services-masspay-dev.ose.bison.pi.b|vagrant.bison.pi.b|*.vagrant.bison.pi.b|172.28.2.2|consul-masspay-dev.bison|*.consul-masspay-dev.bison|172.17.0.4|22.151.94.128|kafka|*.kafka|master01.bison.pi.b|*.master01.bison.pi.b|oracle|*.oracle|ibmmq|*.ibmmq|169.254.254.242|http://169.254.254.242:8081/health|*.http://169.254.254.242:8081/health|10.7.125.60|http://jhbpsr000000670.intranet.barcapint.com:8085/bamboo|*.http://jhbpsr000000670.intranet.barcapint.com:8085/bamboo|https://dpdev01.absa.co.za:2443/|*.https://dpdev01.absa.co.za:2443/"/>
    <property name="sun.cpu.isalist" value=""/>
  </properties>
  <testcase name="when_valid_parameters_expect_successful_user_authentication" classname="za.fnb.connect.cashdespense.UserServiceTest" time="0.228"/>
  <testcase name="when_valid_parameters_expect_successful_user_creation" classname="za.fnb.connect.cashdespense.UserServiceTest" time="0.009"/>
</testsuite>